[debug] [2017-06-26T01:37:55.248Z] ----------------------------------------------------------------------
[debug] [2017-06-26T01:37:55.251Z] Command:      /usr/local/Cellar/node/7.8.0/bin/node /usr/local/bin/firebase serve
[debug] [2017-06-26T01:37:55.251Z] CLI Version:  3.9.1
[debug] [2017-06-26T01:37:55.252Z] Platform:     darwin
[debug] [2017-06-26T01:37:55.252Z] Node Version: v7.8.0
[debug] [2017-06-26T01:37:55.252Z] Time:         Sun Jun 25 2017 21:37:55 GMT-0400 (EDT)
[debug] [2017-06-26T01:37:55.252Z] ----------------------------------------------------------------------
[debug] 
[debug] [2017-06-26T01:37:55.267Z] > command requires scopes: ["email","openid","https://www.googleapis.com/auth/cloudplatformprojects.readonly","https://www.googleapis.com/auth/firebase","https://www.googleapis.com/auth/cloud-platform"]
[debug] [2017-06-26T01:37:55.267Z] > authorizing via signed-in user
[debug] [2017-06-26T01:37:55.270Z] > refreshing access token with scopes: ["email","https://www.googleapis.com/auth/cloud-platform","https://www.googleapis.com/auth/cloudplatformprojects.readonly","https://www.googleapis.com/auth/firebase","openid"]
[debug] [2017-06-26T01:37:55.270Z] >>> HTTP REQUEST POST https://www.googleapis.com/oauth2/v3/token { refresh_token: '1/WN981AgE1kLnAdkZn-8GSDdalF7S0xyPz4ocpA8UQlA',
  client_id: '563584335869-fgrhgmd47bqnekij5i8b5pr03ho849e6.apps.googleusercontent.com',
  client_secret: 'j9iVZfS8kkCEFUPaAeJV0sAi',
  grant_type: 'refresh_token',
  scope: 'email https://www.googleapis.com/auth/cloud-platform https://www.googleapis.com/auth/cloudplatformprojects.readonly https://www.googleapis.com/auth/firebase openid' } 
 Sun Jun 25 2017 21:37:55 GMT-0400 (EDT)
[debug] [2017-06-26T01:37:55.569Z] <<< HTTP RESPONSE 200
[debug] [2017-06-26T01:37:55.648Z] >>> HTTP REQUEST GET https://admin.firebase.com/v1/projects/dinnerandamovie-87b5e  
 Sun Jun 25 2017 21:37:55 GMT-0400 (EDT)
[debug] [2017-06-26T01:37:56.128Z] <<< HTTP RESPONSE 200
[debug] [2017-06-26T01:37:56.129Z] >>> HTTP REQUEST GET https://admin.firebase.com/v1/database/dinnerandamovie-87b5e/tokens  
 Sun Jun 25 2017 21:37:56 GMT-0400 (EDT)
[debug] [2017-06-26T01:37:56.692Z] <<< HTTP RESPONSE 200
[info] 
[info] === Serving from '/Users/DonB/Desktop/Git-Stage/dinnerandamovie'...
[info] 
[debug] [2017-06-26T01:37:56.696Z] >>> HTTP REQUEST GET https://cloudresourcemanager.googleapis.com/v1/projects/dinnerandamovie-87b5e  
 Sun Jun 25 2017 21:37:56 GMT-0400 (EDT)
[debug] [2017-06-26T01:37:57.022Z] <<< HTTP RESPONSE 200
[debug] [2017-06-26T01:37:57.022Z] >>> HTTP REQUEST GET https://mobilesdk-pa.googleapis.com/v1/projects/275851238648/clients/_:getWebAppConfig  
 Sun Jun 25 2017 21:37:57 GMT-0400 (EDT)
[debug] [2017-06-26T01:37:57.789Z] <<< HTTP RESPONSE 200
[info] i  hosting: Serving hosting files from: public
[info] ✔  hosting: Local server: http://localhost:5000

[debug] [2017-06-27T01:26:26.732Z] ----------------------------------------------------------------------
[debug] [2017-06-27T01:26:26.735Z] Command:      /usr/local/bin/node /usr/local/bin/firebase serve
[debug] [2017-06-27T01:26:26.735Z] CLI Version:  3.9.1
[debug] [2017-06-27T01:26:26.735Z] Platform:     darwin
[debug] [2017-06-27T01:26:26.735Z] Node Version: v8.1.2
[debug] [2017-06-27T01:26:26.736Z] Time:         Mon Jun 26 2017 21:26:26 GMT-0400 (EDT)
[debug] [2017-06-27T01:26:26.736Z] ----------------------------------------------------------------------
[debug] 
[debug] [2017-06-27T01:26:26.757Z] > command requires scopes: ["email","openid","https://www.googleapis.com/auth/cloudplatformprojects.readonly","https://www.googleapis.com/auth/firebase","https://www.googleapis.com/auth/cloud-platform"]
[debug] [2017-06-27T01:26:26.757Z] > authorizing via signed-in user
[debug] [2017-06-27T01:26:26.760Z] > refreshing access token with scopes: ["email","https://www.googleapis.com/auth/cloud-platform","https://www.googleapis.com/auth/cloudplatformprojects.readonly","https://www.googleapis.com/auth/firebase","openid"]
[debug] [2017-06-27T01:26:26.760Z] >>> HTTP REQUEST POST https://www.googleapis.com/oauth2/v3/token { refresh_token: '1/_Wz027TY6YMLU03wsAe3iVgBi1KldT0ZK-noydOgx9k',
  client_id: '563584335869-fgrhgmd47bqnekij5i8b5pr03ho849e6.apps.googleusercontent.com',
  client_secret: 'j9iVZfS8kkCEFUPaAeJV0sAi',
  grant_type: 'refresh_token',
  scope: 'email https://www.googleapis.com/auth/cloud-platform https://www.googleapis.com/auth/cloudplatformprojects.readonly https://www.googleapis.com/auth/firebase openid' } 
 Mon Jun 26 2017 21:26:26 GMT-0400 (EDT)
[debug] [2017-06-27T01:26:27.098Z] <<< HTTP RESPONSE 200
[debug] [2017-06-27T01:26:27.119Z] >>> HTTP REQUEST GET https://admin.firebase.com/v1/projects/dinnerandamovie-87b5e  
 Mon Jun 26 2017 21:26:27 GMT-0400 (EDT)
[debug] [2017-06-27T01:26:27.667Z] <<< HTTP RESPONSE 200
[debug] [2017-06-27T01:26:27.668Z] >>> HTTP REQUEST GET https://admin.firebase.com/v1/database/dinnerandamovie-87b5e/tokens  
 Mon Jun 26 2017 21:26:27 GMT-0400 (EDT)
[debug] [2017-06-27T01:26:28.208Z] <<< HTTP RESPONSE 200
[info] 
[info] === Serving from '/Users/bernardwilliams/Google Drive/src_code/continuing_ed/UCF_coding_bootcamp/projects/dinnerandamovie'...
[info] 
[debug] [2017-06-27T01:26:28.212Z] >>> HTTP REQUEST GET https://cloudresourcemanager.googleapis.com/v1/projects/dinnerandamovie-87b5e  
 Mon Jun 26 2017 21:26:28 GMT-0400 (EDT)
[debug] [2017-06-27T01:26:28.636Z] <<< HTTP RESPONSE 200
[debug] [2017-06-27T01:26:28.636Z] >>> HTTP REQUEST GET https://mobilesdk-pa.googleapis.com/v1/projects/275851238648/clients/_:getWebAppConfig  
 Mon Jun 26 2017 21:26:28 GMT-0400 (EDT)
[debug] [2017-06-27T01:26:29.108Z] <<< HTTP RESPONSE 200
[warn] ⚠  hosting: Port 5000 is not available. Trying another port...
[debug] [2017-06-27T01:26:29.129Z] >>> HTTP REQUEST GET https://cloudresourcemanager.googleapis.com/v1/projects/dinnerandamovie-87b5e  
 Mon Jun 26 2017 21:26:29 GMT-0400 (EDT)
[debug] [2017-06-27T01:26:29.367Z] <<< HTTP RESPONSE 200
[debug] [2017-06-27T01:26:29.367Z] >>> HTTP REQUEST GET https://mobilesdk-pa.googleapis.com/v1/projects/275851238648/clients/_:getWebAppConfig  
 Mon Jun 26 2017 21:26:29 GMT-0400 (EDT)
[debug] [2017-06-27T01:26:29.820Z] <<< HTTP RESPONSE 200
[warn] ⚠  hosting: Port 5004 is not available. Trying another port...
[debug] [2017-06-27T01:26:29.823Z] >>> HTTP REQUEST GET https://cloudresourcemanager.googleapis.com/v1/projects/dinnerandamovie-87b5e  
 Mon Jun 26 2017 21:26:29 GMT-0400 (EDT)
[debug] [2017-06-27T01:26:30.011Z] <<< HTTP RESPONSE 200
[debug] [2017-06-27T01:26:30.011Z] >>> HTTP REQUEST GET https://mobilesdk-pa.googleapis.com/v1/projects/275851238648/clients/_:getWebAppConfig  
 Mon Jun 26 2017 21:26:30 GMT-0400 (EDT)
[debug] [2017-06-27T01:26:30.356Z] <<< HTTP RESPONSE 200
[warn] ⚠  hosting: Port 5008 is not available. Trying another port...
[debug] [2017-06-27T01:26:30.359Z] >>> HTTP REQUEST GET https://cloudresourcemanager.googleapis.com/v1/projects/dinnerandamovie-87b5e  
 Mon Jun 26 2017 21:26:30 GMT-0400 (EDT)
[debug] [2017-06-27T01:26:30.556Z] <<< HTTP RESPONSE 200
[debug] [2017-06-27T01:26:30.556Z] >>> HTTP REQUEST GET https://mobilesdk-pa.googleapis.com/v1/projects/275851238648/clients/_:getWebAppConfig  
 Mon Jun 26 2017 21:26:30 GMT-0400 (EDT)
[debug] [2017-06-27T01:26:30.905Z] <<< HTTP RESPONSE 200
[info] i  hosting: Serving hosting files from: public
[info] ✔  hosting: Local server: http://localhost:5012

[debug] [2017-06-27T22:05:59.522Z] ----------------------------------------------------------------------
[debug] [2017-06-27T22:05:59.525Z] Command:      /usr/local/bin/node /usr/local/bin/firebase serve
[debug] [2017-06-27T22:05:59.526Z] CLI Version:  3.9.1
[debug] [2017-06-27T22:05:59.526Z] Platform:     darwin
[debug] [2017-06-27T22:05:59.526Z] Node Version: v8.1.2
[debug] [2017-06-27T22:05:59.526Z] Time:         Tue Jun 27 2017 18:05:59 GMT-0400 (EDT)
[debug] [2017-06-27T22:05:59.526Z] ----------------------------------------------------------------------
[debug] 
[debug] [2017-06-27T22:05:59.546Z] > command requires scopes: ["email","openid","https://www.googleapis.com/auth/cloudplatformprojects.readonly","https://www.googleapis.com/auth/firebase","https://www.googleapis.com/auth/cloud-platform"]
[debug] [2017-06-27T22:05:59.546Z] > authorizing via signed-in user
[debug] [2017-06-27T22:05:59.548Z] > refreshing access token with scopes: ["email","https://www.googleapis.com/auth/cloud-platform","https://www.googleapis.com/auth/cloudplatformprojects.readonly","https://www.googleapis.com/auth/firebase","openid"]
[debug] [2017-06-27T22:05:59.549Z] >>> HTTP REQUEST POST https://www.googleapis.com/oauth2/v3/token { refresh_token: '1/_Wz027TY6YMLU03wsAe3iVgBi1KldT0ZK-noydOgx9k',
  client_id: '563584335869-fgrhgmd47bqnekij5i8b5pr03ho849e6.apps.googleusercontent.com',
  client_secret: 'j9iVZfS8kkCEFUPaAeJV0sAi',
  grant_type: 'refresh_token',
  scope: 'email https://www.googleapis.com/auth/cloud-platform https://www.googleapis.com/auth/cloudplatformprojects.readonly https://www.googleapis.com/auth/firebase openid' } 
 Tue Jun 27 2017 18:05:59 GMT-0400 (EDT)
